<?xml version="1.0" encoding="UTF-8"?>
<!-- Generated by org.testng.reporters.JUnitReportReporter -->
<testsuite skipped="0" hostname="DESKTOP-L5FLRLQ" name="TestCases.CheckAddNewEmailbutton" tests="1" failures="0" timestamp="2021-06-29T16:10:46 IST" time="87.987" errors="0">
  <testcase name="checkAddNewEmailbutton" time="87.987" classname="TestCases.CheckAddNewEmailbutton"/>
  <system-out/>
</testsuite> <!-- TestCases.CheckAddNewEmailbutton -->
