<?xml version="1.0" encoding="UTF-8"?>
<!-- Generated by org.testng.reporters.JUnitReportReporter -->
<testsuite skipped="0" hostname="DESKTOP-L5FLRLQ" name="TestCases.TestCase1" tests="1" failures="0" timestamp="2021-06-29T16:10:46 IST" time="61.051" errors="0">
  <testcase name="CreateContact" time="61.051" classname="TestCases.TestCase1"/>
  <system-out/>
</testsuite> <!-- TestCases.TestCase1 -->
